-------------------------------------------------------------------------------
Test set: guru.springframework.petclinicdata.PetClinicDataApplicationTests
-------------------------------------------------------------------------------
Tests run: 1, Failures: 0, Errors: 1, Skipped: 0, Time elapsed: 0.658 s <<< FAILURE! - in guru.springframework.petclinicdata.PetClinicDataApplicationTests
guru.springframework.petclinicdata.PetClinicDataApplicationTests  Time elapsed: 0.656 s  <<< ERROR!
java.lang.IllegalStateException: Unable to find a @SpringBootConfiguration, you need to use @ContextConfiguration or @SpringBootTest(classes=...) with your test

