<?xml version="1.0" encoding="UTF-8"?>
<testsuite xmlns:xsi="http://www.w3.org/2001/XMLSchema-instance" xsi:noNamespaceSchemaLocation="https://maven.apache.org/surefire/maven-surefire-plugin/xsd/surefire-test-report.xsd" name="guru.springframework.petclinicdata.PetClinicDataApplicationTests" time="0.658" tests="1" errors="1" skipped="0" failures="0">
  <properties>
[...]
</properties>
  <testcase name="guru.springframework.petclinicdata.PetClinicDataApplicationTests" classname="guru.springframework.petclinicdata.PetClinicDataApplicationTests" time="0.656">
    <error message="Unable to find a @SpringBootConfiguration, you need to use @ContextConfiguration or @SpringBootTest(classes=...) with your test" type="java.lang.IllegalStateException">java.lang.IllegalStateException: Unable to find a @SpringBootConfiguration, you need to use @ContextConfiguration or @SpringBootTest(classes=...) with your test
</error>
    <system-out><![CDATA[13:22:47.433 [main] DEBUG org.springframework.test.context.BootstrapUtils - Instantiating CacheAwareContextLoaderDelegate from class [org.springframework.test.context.cache.DefaultCacheAwareContextLoaderDelegate]
13:22:47.489 [main] DEBUG org.springframework.test.context.BootstrapUtils - Instantiating BootstrapContext using constructor [public org.springframework.test.context.support.DefaultBootstrapContext(java.lang.Class,org.springframework.test.context.CacheAwareContextLoaderDelegate)]
13:22:47.557 [main] DEBUG org.springframework.test.context.BootstrapUtils - Instantiating TestContextBootstrapper for test class [guru.springframework.petclinicdata.PetClinicDataApplicationTests] from class [org.springframework.boot.test.context.SpringBootTestContextBootstrapper]
13:22:47.582 [main] INFO org.springframework.boot.test.context.SpringBootTestContextBootstrapper - Neither @ContextConfiguration nor @ContextHierarchy found for test class [guru.springframework.petclinicdata.PetClinicDataApplicationTests], using SpringBootContextLoader
13:22:47.589 [main] DEBUG org.springframework.test.context.support.AbstractContextLoader - Did not detect default resource location for test class [guru.springframework.petclinicdata.PetClinicDataApplicationTests]: class path resource [guru/springframework/petclinicdata/PetClinicDataApplicationTests-context.xml] does not exist
13:22:47.590 [main] DEBUG org.springframework.test.context.support.AbstractContextLoader - Did not detect default resource location for test class [guru.springframework.petclinicdata.PetClinicDataApplicationTests]: class path resource [guru/springframework/petclinicdata/PetClinicDataApplicationTestsContext.groovy] does not exist
13:22:47.591 [main] INFO org.springframework.test.context.support.AbstractContextLoader - Could not detect default resource locations for test class [guru.springframework.petclinicdata.PetClinicDataApplicationTests]: no resource found for suffixes {-context.xml, Context.groovy}.
13:22:47.592 [main] INFO org.springframework.test.context.support.AnnotationConfigContextLoaderUtils - Could not detect default configuration classes for test class [guru.springframework.petclinicdata.PetClinicDataApplicationTests]: PetClinicDataApplicationTests does not declare any static, non-private, non-final, nested classes annotated with @Configuration.
13:22:47.719 [main] DEBUG org.springframework.test.context.support.ActiveProfilesUtils - Could not find an 'annotation declaring class' for annotation type [org.springframework.test.context.ActiveProfiles] and class [guru.springframework.petclinicdata.PetClinicDataApplicationTests]
13:22:47.785 [main] DEBUG org.springframework.test.context.BootstrapUtils - Instantiating CacheAwareContextLoaderDelegate from class [org.springframework.test.context.cache.DefaultCacheAwareContextLoaderDelegate]
13:22:47.786 [main] DEBUG org.springframework.test.context.BootstrapUtils - Instantiating BootstrapContext using constructor [public org.springframework.test.context.support.DefaultBootstrapContext(java.lang.Class,org.springframework.test.context.CacheAwareContextLoaderDelegate)]
13:22:47.789 [main] DEBUG org.springframework.test.context.BootstrapUtils - Instantiating TestContextBootstrapper for test class [guru.springframework.petclinicdata.PetClinicDataApplicationTests] from class [org.springframework.boot.test.context.SpringBootTestContextBootstrapper]
13:22:47.790 [main] INFO org.springframework.boot.test.context.SpringBootTestContextBootstrapper - Neither @ContextConfiguration nor @ContextHierarchy found for test class [guru.springframework.petclinicdata.PetClinicDataApplicationTests], using SpringBootContextLoader
13:22:47.792 [main] DEBUG org.springframework.test.context.support.AbstractContextLoader - Did not detect default resource location for test class [guru.springframework.petclinicdata.PetClinicDataApplicationTests]: class path resource [guru/springframework/petclinicdata/PetClinicDataApplicationTests-context.xml] does not exist
13:22:47.793 [main] DEBUG org.springframework.test.context.support.AbstractContextLoader - Did not detect default resource location for test class [guru.springframework.petclinicdata.PetClinicDataApplicationTests]: class path resource [guru/springframework/petclinicdata/PetClinicDataApplicationTestsContext.groovy] does not exist
13:22:47.793 [main] INFO org.springframework.test.context.support.AbstractContextLoader - Could not detect default resource locations for test class [guru.springframework.petclinicdata.PetClinicDataApplicationTests]: no resource found for suffixes {-context.xml, Context.groovy}.
13:22:47.794 [main] INFO org.springframework.test.context.support.AnnotationConfigContextLoaderUtils - Could not detect default configuration classes for test class [guru.springframework.petclinicdata.PetClinicDataApplicationTests]: PetClinicDataApplicationTests does not declare any static, non-private, non-final, nested classes annotated with @Configuration.
13:22:47.799 [main] DEBUG org.springframework.test.context.support.ActiveProfilesUtils - Could not find an 'annotation declaring class' for annotation type [org.springframework.test.context.ActiveProfiles] and class [guru.springframework.petclinicdata.PetClinicDataApplicationTests]
13:22:47.805 [main] DEBUG org.springframework.test.context.BootstrapUtils - Instantiating CacheAwareContextLoaderDelegate from class [org.springframework.test.context.cache.DefaultCacheAwareContextLoaderDelegate]
13:22:47.805 [main] DEBUG org.springframework.test.context.BootstrapUtils - Instantiating BootstrapContext using constructor [public org.springframework.test.context.support.DefaultBootstrapContext(java.lang.Class,org.springframework.test.context.CacheAwareContextLoaderDelegate)]
13:22:47.806 [main] DEBUG org.springframework.test.context.BootstrapUtils - Instantiating TestContextBootstrapper for test class [guru.springframework.petclinicdata.PetClinicDataApplicationTests] from class [org.springframework.boot.test.context.SpringBootTestContextBootstrapper]
13:22:47.807 [main] INFO org.springframework.boot.test.context.SpringBootTestContextBootstrapper - Neither @ContextConfiguration nor @ContextHierarchy found for test class [guru.springframework.petclinicdata.PetClinicDataApplicationTests], using SpringBootContextLoader
13:22:47.808 [main] DEBUG org.springframework.test.context.support.AbstractContextLoader - Did not detect default resource location for test class [guru.springframework.petclinicdata.PetClinicDataApplicationTests]: class path resource [guru/springframework/petclinicdata/PetClinicDataApplicationTests-context.xml] does not exist
13:22:47.809 [main] DEBUG org.springframework.test.context.support.AbstractContextLoader - Did not detect default resource location for test class [guru.springframework.petclinicdata.PetClinicDataApplicationTests]: class path resource [guru/springframework/petclinicdata/PetClinicDataApplicationTestsContext.groovy] does not exist
13:22:47.809 [main] INFO org.springframework.test.context.support.AbstractContextLoader - Could not detect default resource locations for test class [guru.springframework.petclinicdata.PetClinicDataApplicationTests]: no resource found for suffixes {-context.xml, Context.groovy}.
13:22:47.809 [main] INFO org.springframework.test.context.support.AnnotationConfigContextLoaderUtils - Could not detect default configuration classes for test class [guru.springframework.petclinicdata.PetClinicDataApplicationTests]: PetClinicDataApplicationTests does not declare any static, non-private, non-final, nested classes annotated with @Configuration.
13:22:47.814 [main] DEBUG org.springframework.test.context.support.ActiveProfilesUtils - Could not find an 'annotation declaring class' for annotation type [org.springframework.test.context.ActiveProfiles] and class [guru.springframework.petclinicdata.PetClinicDataApplicationTests]
]]></system-out>
  </testcase>
</testsuite>